[debug] [2022-03-08T14:26:35.346Z] ----------------------------------------------------------------------
[debug] [2022-03-08T14:26:35.348Z] Command:       C:\Program Files\nodejs\node.exe C:\Users\Administrator\AppData\Roaming\npm\node_modules\firebase-tools\lib\bin\firebase.js emulators:start --import=emulator_data --export-on-exit=emulator_data
[debug] [2022-03-08T14:26:35.349Z] CLI Version:   10.2.2
[debug] [2022-03-08T14:26:35.349Z] Platform:      win32
[debug] [2022-03-08T14:26:35.349Z] Node Version:  v14.18.1
[debug] [2022-03-08T14:26:35.370Z] Time:          Tue Mar 08 2022 19:56:35 GMT+0530 (India Standard Time)
[debug] [2022-03-08T14:26:35.370Z] ----------------------------------------------------------------------
[debug] 
[debug] [2022-03-08T14:26:35.374Z] >>> [apiv2][query] GET https://firebase-public.firebaseio.com/cli.json [none]
[debug] [2022-03-08T14:26:35.503Z] > command requires scopes: ["email","openid","https://www.googleapis.com/auth/cloudplatformprojects.readonly","https://www.googleapis.com/auth/firebase","https://www.googleapis.com/auth/cloud-platform"]
[debug] [2022-03-08T14:26:35.503Z] > authorizing via signed-in user (soumojitghosh02@gmail.com)
[info] i  emulators: Starting emulators: auth, functions, firestore, hosting, storage {"metadata":{"emulator":{"name":"hub"},"message":"Starting emulators: auth, functions, firestore, hosting, storage"}}
[warn] !  emulators: It seems that you are running multiple instances of the emulator suite for project ghosh-ele-works. This may result in unexpected behavior. 
[debug] [2022-03-08T14:26:35.523Z] [hub] writing locator at C:\Users\ADMINI~1\AppData\Local\Temp\hub-ghosh-ele-works.json
[warn] !  functions: The following emulators are not running, calls to these services from the Functions emulator will affect production: database, pubsub {"metadata":{"emulator":{"name":"functions"},"message":"The following emulators are not running, calls to these services from the Functions emulator will affect production: \u001b[1mdatabase, pubsub\u001b[22m"}}
[info] +  functions: Using node@14 from host. {"metadata":{"emulator":{"name":"functions"},"message":"Using node@14 from host."}}
[debug] [2022-03-08T14:26:35.637Z] defaultcredentials: writing to file C:\Users\Administrator\AppData\Roaming\firebase\soumojitghosh02_gmail_com_application_default_credentials.json
[debug] [2022-03-08T14:26:35.639Z] Setting GAC to C:\Users\Administrator\AppData\Roaming\firebase\soumojitghosh02_gmail_com_application_default_credentials.json {"metadata":{"emulator":{"name":"functions"},"message":"Setting GAC to C:\\Users\\Administrator\\AppData\\Roaming\\firebase\\soumojitghosh02_gmail_com_application_default_credentials.json"}}
[debug] [2022-03-08T14:26:35.641Z] > refreshing access token with scopes: []
[debug] [2022-03-08T14:26:35.641Z] >>> HTTP REQUEST POST https://www.googleapis.com/oauth2/v3/token  
 <request body omitted>
[debug] [2022-03-08T14:26:35.949Z] <<< HTTP RESPONSE 200 {"cache-control":"no-cache, no-store, max-age=0, must-revalidate","pragma":"no-cache","expires":"Mon, 01 Jan 1990 00:00:00 GMT","date":"Tue, 08 Mar 2022 14:26:42 GMT","content-type":"application/json; charset=utf-8","vary":"X-Origin, Referer, Origin,Accept-Encoding","server":"scaffolding on HTTPServer2","x-xss-protection":"0","x-frame-options":"SAMEORIGIN","x-content-type-options":"nosniff","alt-svc":"h3=\":443\"; ma=2592000,h3-29=\":443\"; ma=2592000,h3-Q050=\":443\"; ma=2592000,h3-Q046=\":443\"; ma=2592000,h3-Q043=\":443\"; ma=2592000,quic=\":443\"; ma=2592000; v=\"46,43\"","accept-ranges":"none","transfer-encoding":"chunked"}
[debug] [2022-03-08T14:26:35.960Z] >>> [apiv2][query] GET https://firebase.googleapis.com/v1beta1/projects/ghosh-ele-works/adminSdkConfig [none]
[debug] [2022-03-08T14:26:36.499Z] <<< [apiv2][status] GET https://firebase.googleapis.com/v1beta1/projects/ghosh-ele-works/adminSdkConfig 200
[debug] [2022-03-08T14:26:36.499Z] <<< [apiv2][body] GET https://firebase.googleapis.com/v1beta1/projects/ghosh-ele-works/adminSdkConfig {"projectId":"ghosh-ele-works","storageBucket":"ghosh-ele-works.appspot.com","locationId":"asia-southeast2"}
[info] i  firestore: Importing data from F:\React Projects\gew-web-app\emulator_data\firestore_export\firestore_export.overall_export_metadata {"metadata":{"emulator":{"name":"firestore"},"message":"Importing data from F:\\React Projects\\gew-web-app\\emulator_data\\firestore_export\\firestore_export.overall_export_metadata"}}
[debug] [2022-03-08T14:26:36.513Z] Ignoring unsupported arg: projectId {"metadata":{"emulator":{"name":"firestore"},"message":"Ignoring unsupported arg: projectId"}}
[debug] [2022-03-08T14:26:36.513Z] Ignoring unsupported arg: auto_download {"metadata":{"emulator":{"name":"firestore"},"message":"Ignoring unsupported arg: auto_download"}}
[debug] [2022-03-08T14:26:36.513Z] Starting Firestore Emulator with command {"binary":"java","args":["-Dgoogle.cloud_firestore.debug_log_level=FINE","-Duser.language=en","-jar","C:\\Users\\Administrator\\.cache\\firebase\\emulators\\cloud-firestore-emulator-v1.13.1.jar","--host","localhost","--port",8080,"--seed_from_export","F:\\React Projects\\gew-web-app\\emulator_data\\firestore_export\\firestore_export.overall_export_metadata","--rules","F:\\React Projects\\gew-web-app\\firestore.rules","--functions_emulator","localhost:5001"],"optionalArgs":["port","webchannel_port","host","rules","functions_emulator","seed_from_export"],"joinArgs":false} {"metadata":{"emulator":{"name":"firestore"},"message":"Starting Firestore Emulator with command {\"binary\":\"java\",\"args\":[\"-Dgoogle.cloud_firestore.debug_log_level=FINE\",\"-Duser.language=en\",\"-jar\",\"C:\\\\Users\\\\Administrator\\\\.cache\\\\firebase\\\\emulators\\\\cloud-firestore-emulator-v1.13.1.jar\",\"--host\",\"localhost\",\"--port\",8080,\"--seed_from_export\",\"F:\\\\React Projects\\\\gew-web-app\\\\emulator_data\\\\firestore_export\\\\firestore_export.overall_export_metadata\",\"--rules\",\"F:\\\\React Projects\\\\gew-web-app\\\\firestore.rules\",\"--functions_emulator\",\"localhost:5001\"],\"optionalArgs\":[\"port\",\"webchannel_port\",\"host\",\"rules\",\"functions_emulator\",\"seed_from_export\"],\"joinArgs\":false}"}}
[info] i  firestore: Firestore Emulator logging to firestore-debug.log {"metadata":{"emulator":{"name":"firestore"},"message":"Firestore Emulator logging to \u001b[1mfirestore-debug.log\u001b[22m"}}
[debug] [2022-03-08T14:26:36.555Z] <<< [apiv2][status] GET https://firebase-public.firebaseio.com/cli.json 200
[debug] [2022-03-08T14:26:36.555Z] <<< [apiv2][body] GET https://firebase-public.firebaseio.com/cli.json {"cloudBuildErrorAfter":1594252800000,"cloudBuildWarnAfter":1590019200000,"defaultNode10After":1594252800000,"minVersion":"3.0.5","node8DeploysDisabledAfter":1613390400000,"node8RuntimeDisabledAfter":1615809600000,"node8WarnAfter":1600128000000}
[debug] [2022-03-08T14:26:39.488Z] Mar 08, 2022 7:56:39 PM com.google.cloud.datastore.emulator.firestore.websocket.WebSocketServer start
INFO: Started WebSocket server on ws://localhost:50860
 {"metadata":{"emulator":{"name":"firestore"},"message":"Mar 08, 2022 7:56:39 PM com.google.cloud.datastore.emulator.firestore.websocket.WebSocketServer start\r\nINFO: Started WebSocket server on ws://localhost:50860\r\n"}}
[debug] [2022-03-08T14:26:39.536Z] API endpoint: http://localhost: {"metadata":{"emulator":{"name":"firestore"},"message":"API endpoint: http://localhost:"}}
[debug] [2022-03-08T14:26:39.536Z] 8080
If you are using a library that supports the FIRESTORE_EMULATOR_HOST environment variable, run:

   export FIRESTORE_EMULATOR_HOST=localhost:8080

Dev App Server is now running.

 {"metadata":{"emulator":{"name":"firestore"},"message":"8080\nIf you are using a library that supports the FIRESTORE_EMULATOR_HOST environment variable, run:\r\n\n   export FIRESTORE_EMULATOR_HOST=localhost:8080\n\nDev App Server is now running.\n\r\n"}}
[info] i  auth: Importing config from F:\React Projects\gew-web-app\emulator_data\auth_export\config.json {"metadata":{"emulator":{"name":"database"},"message":"Importing config from F:\\React Projects\\gew-web-app\\emulator_data\\auth_export\\config.json"}}
[info] i  auth: Importing accounts from F:\React Projects\gew-web-app\emulator_data\auth_export\accounts.json {"metadata":{"emulator":{"name":"database"},"message":"Importing accounts from F:\\React Projects\\gew-web-app\\emulator_data\\auth_export\\accounts.json"}}
[debug] [2022-03-08T14:26:51.672Z] Ignoring unsupported arg: port {"metadata":{"emulator":{"name":"storage"},"message":"Ignoring unsupported arg: port"}}
[debug] [2022-03-08T14:26:53.146Z] Temp file directory for storage emulator: C:\Users\ADMINI~1\AppData\Local\Temp/firebase/storage/blobs {"metadata":{"emulator":{"name":"storage"},"message":"Temp file directory for storage emulator: C:\\Users\\ADMINI~1\\AppData\\Local\\Temp/firebase/storage/blobs"}}
[debug] [2022-03-08T14:26:57.057Z] >>> [apiv2][query] GET https://firebasehosting.googleapis.com/v1beta1/projects/ghosh-ele-works/sites 
[debug] [2022-03-08T14:26:58.929Z] <<< [apiv2][status] GET https://firebasehosting.googleapis.com/v1beta1/projects/ghosh-ele-works/sites 200
[debug] [2022-03-08T14:26:58.929Z] <<< [apiv2][body] GET https://firebasehosting.googleapis.com/v1beta1/projects/ghosh-ele-works/sites {"sites":[{"name":"projects/595917924602/sites/ghosh-ele-works","defaultUrl":"https://ghosh-ele-works.web.app","type":"DEFAULT_SITE"}]}
[debug] [2022-03-08T14:26:58.930Z] >>> [apiv2][query] GET https://firebase.googleapis.com/v1beta1/projects/ghosh-ele-works/webApps/-/config [none]
[debug] [2022-03-08T14:27:00.153Z] <<< [apiv2][status] GET https://firebase.googleapis.com/v1beta1/projects/ghosh-ele-works/webApps/-/config 200
[debug] [2022-03-08T14:27:00.153Z] <<< [apiv2][body] GET https://firebase.googleapis.com/v1beta1/projects/ghosh-ele-works/webApps/-/config {"projectId":"ghosh-ele-works","appId":"1:595917924602:web:a6994abfdd380c90520143","storageBucket":"ghosh-ele-works.appspot.com","locationId":"asia-southeast2","apiKey":"AIzaSyB-8K5SLVIWTiOQiJF1Sb4jLU4xDtKJ92c","authDomain":"ghosh-ele-works.firebaseapp.com","messagingSenderId":"595917924602","measurementId":"G-6Y9T9RXJ4X"}
[info] i  hosting: Serving hosting files from: build {"metadata":{"emulator":{"name":"hosting"},"message":"Serving hosting files from: \u001b[1mbuild\u001b[22m"}}
[info] +  hosting: Local server: http://localhost:5000 {"metadata":{"emulator":{"name":"hosting"},"message":"Local server: \u001b[4m\u001b[1mhttp://localhost:5000\u001b[22m\u001b[24m"}}
[debug] [2022-03-08T14:27:00.197Z] Ignoring unsupported arg: auto_download {"metadata":{"emulator":{"name":"ui"},"message":"Ignoring unsupported arg: auto_download"}}
[debug] [2022-03-08T14:27:00.198Z] Ignoring unsupported arg: port {"metadata":{"emulator":{"name":"ui"},"message":"Ignoring unsupported arg: port"}}
[debug] [2022-03-08T14:27:00.198Z] Starting Emulator UI with command {"binary":"node","args":["C:\\Users\\Administrator\\.cache\\firebase\\emulators\\ui-v1.6.5\\server.bundle.js"],"optionalArgs":[],"joinArgs":false} {"metadata":{"emulator":{"name":"ui"},"message":"Starting Emulator UI with command {\"binary\":\"node\",\"args\":[\"C:\\\\Users\\\\Administrator\\\\.cache\\\\firebase\\\\emulators\\\\ui-v1.6.5\\\\server.bundle.js\"],\"optionalArgs\":[],\"joinArgs\":false}"}}
[info] i  ui: Emulator UI logging to ui-debug.log {"metadata":{"emulator":{"name":"ui"},"message":"Emulator UI logging to \u001b[1mui-debug.log\u001b[22m"}}
[debug] [2022-03-08T14:27:00.338Z] Web / API server started at localhost:4000
 {"metadata":{"emulator":{"name":"ui"},"message":"Web / API server started at localhost:4000\n"}}
[info] i  functions: Watching "F:\React Projects\gew-web-app\functions" for Cloud Functions... {"metadata":{"emulator":{"name":"functions"},"message":"Watching \"F:\\React Projects\\gew-web-app\\functions\" for Cloud Functions..."}}
[debug] [2022-03-08T14:27:00.466Z] Validating nodejs source
[warn] !  functions: package.json indicates an outdated version of firebase-functions. Please upgrade using npm install --save firebase-functions@latest in your functions directory. 
[debug] [2022-03-08T14:27:06.174Z] > [functions] package.json contents: {
  "name": "functions",
  "description": "Cloud Functions for Firebase",
  "scripts": {
    "serve": "firebase emulators:start --only functions",
    "shell": "firebase functions:shell",
    "start": "npm run shell",
    "deploy": "firebase deploy --only functions",
    "logs": "firebase functions:log"
  },
  "engines": {
    "node": "14"
  },
  "main": "index.js",
  "dependencies": {
    "axios": "^0.25.0",
    "docx": "^7.3.0",
    "express": "^4.17.2",
    "file-saver": "^2.0.5",
    "firebase-admin": "^9.8.0",
    "firebase-functions": "^3.17.2"
  },
  "devDependencies": {
    "firebase-functions-test": "^0.2.0"
  },
  "private": true
}
[debug] [2022-03-08T14:27:06.174Z] Building nodejs source
[debug] [2022-03-08T14:27:06.174Z] Analyzing nodejs backend spec
[info] +  functions[asia-south1-docxPo]: http function initialized (http://localhost:5001/ghosh-ele-works/asia-south1/docxPo). {"metadata":{"emulator":{"name":"functions"},"message":"\u001b[1mhttp\u001b[22m function initialized (http://localhost:5001/ghosh-ele-works/asia-south1/docxPo)."}}
[info] +  functions[asia-south1-createUserWithPhone]: http function initialized (http://localhost:5001/ghosh-ele-works/asia-south1/createUserWithPhone). {"metadata":{"emulator":{"name":"functions"},"message":"\u001b[1mhttp\u001b[22m function initialized (http://localhost:5001/ghosh-ele-works/asia-south1/createUserWithPhone)."}}
[info] +  functions[asia-south1-payUsers]: http function initialized (http://localhost:5001/ghosh-ele-works/asia-south1/payUsers). {"metadata":{"emulator":{"name":"functions"},"message":"\u001b[1mhttp\u001b[22m function initialized (http://localhost:5001/ghosh-ele-works/asia-south1/payUsers)."}}
[info] i  functions[asia-south1-deletePoDownloads]: function ignored because the pubsub emulator does not exist or is not running. {"metadata":{"emulator":{"name":"functions"},"message":"function ignored because the pubsub emulator does not exist or is not running."}}
[debug] [2022-03-08T14:27:15.610Z] addFirestoreTrigger "{\"eventTrigger\":{\"eventType\":\"providers/cloud.firestore/eventTypes/document.create\",\"resource\":\"projects/ghosh-ele-works/databases/(default)/documents/users/{uid}\",\"service\":\"firestore.googleapis.com\"}}"
[debug] [2022-03-08T14:27:15.610Z] >>> HTTP REQUEST PUT http://localhost:8080/emulator/v1/projects/ghosh-ele-works/triggers/asia-south1-rezorpayAccountCreator-0  
 {"eventTrigger":{"eventType":"providers/cloud.firestore/eventTypes/document.create","resource":"projects/ghosh-ele-works/databases/(default)/documents/users/{uid}","service":"firestore.googleapis.com"}}
[debug] [2022-03-08T14:27:15.617Z] Mar 08, 2022 7:57:15 PM io.gapi.emulators.netty.HttpVersionRoutingHandler channelRead
INFO: Detected non-HTTP/2 connection.
 {"metadata":{"emulator":{"name":"firestore"},"message":"Mar 08, 2022 7:57:15 PM io.gapi.emulators.netty.HttpVersionRoutingHandler channelRead\r\nINFO: Detected non-HTTP/2 connection.\r\n"}}
[debug] [2022-03-08T14:27:15.912Z] Mar 08, 2022 7:57:15 PM io.gapi.emulators.netty.HttpVersionRoutingHandler channelRead
INFO: Detected HTTP/2 connection.
 {"metadata":{"emulator":{"name":"firestore"},"message":"Mar 08, 2022 7:57:15 PM io.gapi.emulators.netty.HttpVersionRoutingHandler channelRead\r\nINFO: Detected HTTP/2 connection.\r\n"}}
[debug] [2022-03-08T14:27:16.662Z] <<< HTTP RESPONSE 200 {"content-type":"application/json","content-length":"4"}
[info] +  functions[asia-south1-rezorpayAccountCreator]: firestore function initialized. {"metadata":{"emulator":{"name":"functions"},"message":"\u001b[1mfirestore\u001b[22m function initialized."}}
[debug] [2022-03-08T14:27:16.664Z] addFirestoreTrigger "{\"eventTrigger\":{\"eventType\":\"providers/cloud.firestore/eventTypes/document.delete\",\"resource\":\"projects/ghosh-ele-works/databases/(default)/documents/users/{uid}\",\"service\":\"firestore.googleapis.com\"}}"
[debug] [2022-03-08T14:27:16.664Z] >>> HTTP REQUEST PUT http://localhost:8080/emulator/v1/projects/ghosh-ele-works/triggers/asia-south1-rezorpayAccountDeactivator-0  
 {"eventTrigger":{"eventType":"providers/cloud.firestore/eventTypes/document.delete","resource":"projects/ghosh-ele-works/databases/(default)/documents/users/{uid}","service":"firestore.googleapis.com"}}
[debug] [2022-03-08T14:27:16.668Z] Mar 08, 2022 7:57:16 PM io.gapi.emulators.netty.HttpVersionRoutingHandler channelRead
INFO: Detected non-HTTP/2 connection.
 {"metadata":{"emulator":{"name":"firestore"},"message":"Mar 08, 2022 7:57:16 PM io.gapi.emulators.netty.HttpVersionRoutingHandler channelRead\r\nINFO: Detected non-HTTP/2 connection.\r\n"}}
[debug] [2022-03-08T14:27:16.685Z] <<< HTTP RESPONSE 200 {"content-type":"application/json","content-length":"4"}
[info] +  functions[asia-south1-rezorpayAccountDeactivator]: firestore function initialized. {"metadata":{"emulator":{"name":"functions"},"message":"\u001b[1mfirestore\u001b[22m function initialized."}}
[info] +  functions[asia-south1-razorPayWebhooks]: http function initialized (http://localhost:5001/ghosh-ele-works/asia-south1/razorPayWebhooks). {"metadata":{"emulator":{"name":"functions"},"message":"\u001b[1mhttp\u001b[22m function initialized (http://localhost:5001/ghosh-ele-works/asia-south1/razorPayWebhooks)."}}
[info] 
┌─────────────────────────────────────────────────────────────┐
│ ✔  All emulators ready! It is now safe to connect your app. │
│ i  View Emulator UI at http://localhost:4000                │
└─────────────────────────────────────────────────────────────┘

┌────────────────┬────────────────┬─────────────────────────────────┐
│ Emulator       │ Host:Port      │ View in Emulator UI             │
├────────────────┼────────────────┼─────────────────────────────────┤
│ Authentication │ localhost:9099 │ http://localhost:4000/auth      │
├────────────────┼────────────────┼─────────────────────────────────┤
│ Functions      │ localhost:5001 │ http://localhost:4000/functions │
├────────────────┼────────────────┼─────────────────────────────────┤
│ Firestore      │ localhost:8080 │ http://localhost:4000/firestore │
├────────────────┼────────────────┼─────────────────────────────────┤
│ Hosting        │ localhost:5000 │ n/a                             │
├────────────────┼────────────────┼─────────────────────────────────┤
│ Storage        │ localhost:9199 │ http://localhost:4000/storage   │
└────────────────┴────────────────┴─────────────────────────────────┘
  Emulator Hub running at localhost:4400
  Other reserved ports: 4500

Issues? Report them at https://github.com/firebase/firebase-tools/issues and attach the *-debug.log files.
 
